<?xml version="1.0" encoding="UTF-8"?>
<!-- Generated by org.testng.reporters.JUnitReportReporter -->
<testsuite hostname="DESKTOP-IHIJH93" failures="0" tests="3" name="practice.DataProviderTest" time="65.746" errors="0" timestamp="2022-12-13T23:48:19 IST" skipped="0">
  <testcase classname="practice.DataProviderTest" name="companyDetails" time="14.156"/>
  <system-out/>
  <testcase classname="practice.DataProviderTest" name="companyDetails" time="14.151"/>
  <system-out/>
  <testcase classname="practice.DataProviderTest" name="companyDetails" time="37.439"/>
  <system-out/>
</testsuite> <!-- practice.DataProviderTest -->
