<?xml version="1.0" encoding="UTF-8"?>
<!-- Generated by org.testng.reporters.JUnitReportReporter -->
<testsuite hostname="DESKTOP-IHIJH93" failures="0" tests="3" name="practice.DataProviderTest" time="26.318" errors="0" timestamp="2022-10-18T11:57:06 IST" skipped="0">
  <testcase classname="practice.DataProviderTest" name="companyDetails" time="8.821"/>
  <system-out/>
  <testcase classname="practice.DataProviderTest" name="companyDetails" time="8.482"/>
  <system-out/>
  <testcase classname="practice.DataProviderTest" name="companyDetails" time="9.015"/>
  <system-out/>
</testsuite> <!-- practice.DataProviderTest -->
