<?xml version="1.0" encoding="UTF-8"?>
<!-- Generated by org.testng.reporters.JUnitReportReporter -->
<testsuite hostname="DESKTOP-IHIJH93" failures="0" tests="1" name="practice.AssertionEx" time="0.008" errors="0" timestamp="2022-10-18T11:56:02 IST" skipped="0">
  <testcase classname="practice.AssertionEx" name="m2" time="0.008"/>
  <system-out/>
</testsuite> <!-- practice.AssertionEx -->
