<?xml version="1.0" encoding="UTF-8"?>
<!-- Generated by org.testng.reporters.JUnitReportReporter -->
<testsuite hostname="DESKTOP-IHIJH93" failures="0" tests="2" name="practice.ExtendsRepEX1" time="0.021" errors="0" timestamp="2022-10-21T15:54:22 IST" skipped="0">
  <testcase classname="practice.ExtendsRepEX1" name="tc2" time="0.003"/>
  <system-out/>
  <testcase classname="practice.ExtendsRepEX1" name="tc1" time="0.018"/>
  <system-out/>
</testsuite> <!-- practice.ExtendsRepEX1 -->
