<?xml version="1.0" encoding="UTF-8"?>
<!-- Generated by org.testng.reporters.JUnitReportReporter -->
<testsuite hostname="DESKTOP-IHIJH93" failures="0" tests="1" name="practice.AssertionEx" time="0.009" errors="0" timestamp="2022-12-12T09:49:27 IST" skipped="0">
  <testcase classname="practice.AssertionEx" name="m2" time="0.009"/>
  <system-out/>
</testsuite> <!-- practice.AssertionEx -->
