<?xml version="1.0" encoding="UTF-8"?>
<!-- Generated by org.testng.reporters.JUnitReportReporter -->
<testsuite hostname="DESKTOP-IHIJH93" failures="0" tests="1" name="com.crm.product.CreateAndDeleteProductTest" time="15.639" errors="0" timestamp="2022-12-18T10:54:46 IST" skipped="0">
  <testcase classname="com.crm.product.CreateAndDeleteProductTest" name="createAndDeleteProductTest" time="15.639"/>
  <system-out/>
</testsuite> <!-- com.crm.product.CreateAndDeleteProductTest -->
