<?xml version="1.0" encoding="UTF-8"?>
<!-- Generated by org.testng.reporters.JUnitReportReporter -->
<testsuite hostname="DESKTOP-IHIJH93" failures="0" tests="2" name="practice.DataProviderTYTest" time="0.007" errors="0" timestamp="2022-11-09T13:01:18 IST" skipped="0">
  <testcase classname="practice.DataProviderTYTest" name="data_provider" time="0.006"/>
  <system-out/>
  <testcase classname="practice.DataProviderTYTest" name="data_provider" time="0.001"/>
  <system-out/>
</testsuite> <!-- practice.DataProviderTYTest -->
