<?xml version="1.0" encoding="UTF-8"?>
<!-- Generated by org.testng.reporters.JUnitReportReporter -->
<testsuite hostname="DESKTOP-IHIJH93" failures="0" tests="1" name="com.crm.campaign.CreateCampaignTest" time="8.027" errors="0" timestamp="2022-10-21T15:51:18 IST" skipped="0">
  <testcase classname="com.crm.campaign.CreateCampaignTest" name="createCampaignTest" time="8.027"/>
  <system-out/>
</testsuite> <!-- com.crm.campaign.CreateCampaignTest -->
