<?xml version="1.0" encoding="UTF-8"?>
<!-- Generated by org.testng.reporters.JUnitReportReporter -->
<testsuite hostname="DESKTOP-IHIJH93" failures="0" tests="1" name="practice.DummyClass" time="4.295" errors="0" timestamp="2022-10-18T11:58:44 IST" skipped="0">
  <testcase classname="practice.DummyClass" name="testBaseClass" time="4.295"/>
  <system-out/>
</testsuite> <!-- practice.DummyClass -->
