<?xml version="1.0" encoding="UTF-8"?>
<!-- Generated by org.testng.reporters.JUnitReportReporter -->
<testsuite hostname="DESKTOP-IHIJH93" failures="0" tests="1" name="com.crm.product.CreateProductTest" time="14.964" errors="0" timestamp="2022-12-18T10:54:09 IST" skipped="0">
  <testcase classname="com.crm.product.CreateProductTest" name="createProductTest" time="14.964"/>
  <system-out/>
</testsuite> <!-- com.crm.product.CreateProductTest -->
