<?xml version="1.0" encoding="UTF-8"?>
<!-- Generated by org.testng.reporters.JUnitReportReporter -->
<testsuite hostname="DESKTOP-IHIJH93" failures="0" tests="1" name="practice.AllAtOnceVTiger" time="22.621" errors="0" timestamp="2022-10-18T11:55:37 IST" skipped="0">
  <testcase classname="practice.AllAtOnceVTiger" name="allAutomationVTiger" time="22.621"/>
  <system-out/>
</testsuite> <!-- practice.AllAtOnceVTiger -->
