<?xml version="1.0" encoding="UTF-8"?>
<!-- Generated by org.testng.reporters.JUnitReportReporter -->
<testsuite hostname="DESKTOP-IHIJH93" failures="0" tests="1" name="com.crm.organization.CreateOrganizationTest" time="14.782" errors="0" timestamp="2022-12-18T10:53:23 IST" skipped="0">
  <testcase classname="com.crm.organization.CreateOrganizationTest" name="createOrganizationTest" time="14.782"/>
  <system-out/>
</testsuite> <!-- com.crm.organization.CreateOrganizationTest -->
