<?xml version="1.0" encoding="UTF-8"?>
<!-- Generated by org.testng.reporters.JUnitReportReporter -->
<testsuite hostname="DESKTOP-IHIJH93" failures="0" tests="1" name="com.crm.campaign.CreateCampaignTest" time="33.307" errors="0" timestamp="2022-12-18T10:52:49 IST" skipped="0">
  <testcase classname="com.crm.campaign.CreateCampaignTest" name="createCampaignTest" time="33.307"/>
  <system-out/>
</testsuite> <!-- com.crm.campaign.CreateCampaignTest -->
