<?xml version="1.0" encoding="UTF-8"?>
<!-- Generated by org.testng.reporters.JUnitReportReporter -->
<testsuite hostname="DESKTOP-IHIJH93" failures="0" tests="1" name="practice.CreateContectWithOrganisation" time="10.483" errors="0" timestamp="2022-10-18T11:56:19 IST" skipped="0">
  <testcase classname="practice.CreateContectWithOrganisation" name="createContectWithOrganisationTest" time="10.483"/>
  <system-out/>
</testsuite> <!-- practice.CreateContectWithOrganisation -->
