<?xml version="1.0" encoding="UTF-8"?>
<!-- Generated by org.testng.reporters.JUnitReportReporter -->
<testsuite hostname="DESKTOP-IHIJH93" failures="0" tests="1" name="com.crm.campaign.CreateCampaignWithProductTest" time="15.004" errors="0" timestamp="2022-12-19T13:24:59 IST" skipped="0">
  <testcase classname="com.crm.campaign.CreateCampaignWithProductTest" name="createCampaignWithProductTest" time="15.004"/>
  <system-out/>
</testsuite> <!-- com.crm.campaign.CreateCampaignWithProductTest -->
