<?xml version="1.0" encoding="UTF-8"?>
<!-- Generated by org.testng.reporters.JUnitReportReporter -->
<testsuite hostname="DESKTOP-IHIJH93" failures="0" tests="1" name="com.crm.product.GridProgram" time="15.737" errors="0" timestamp="2022-12-22T14:39:00 IST" skipped="0">
  <testcase classname="com.crm.product.GridProgram" name="gridTest" time="15.737"/>
  <system-out/>
</testsuite> <!-- com.crm.product.GridProgram -->
