<?xml version="1.0" encoding="UTF-8"?>
<!-- Generated by org.testng.reporters.JUnitReportReporter -->
<testsuite hostname="DESKTOP-IHIJH93" failures="0" tests="1" name="com.crm.campaign.CreateCampaignWithProductTest" time="18.559" errors="0" timestamp="2023-02-05T08:02:40 IST" skipped="0">
  <testcase classname="com.crm.campaign.CreateCampaignWithProductTest" name="createCampaignWithProductTest" time="18.559"/>
  <system-out/>
</testsuite> <!-- com.crm.campaign.CreateCampaignWithProductTest -->
