<?xml version="1.0" encoding="UTF-8"?>
<!-- Generated by org.testng.reporters.JUnitReportReporter -->
<testsuite hostname="DESKTOP-IHIJH93" failures="0" tests="1" name="com.crm.campaign.CreateCampaignWithProductTest" time="18.511" errors="0" timestamp="2022-12-18T10:56:29 IST" skipped="0">
  <testcase classname="com.crm.campaign.CreateCampaignWithProductTest" name="createCampaignWithProductTest" time="18.511"/>
  <system-out/>
</testsuite> <!-- com.crm.campaign.CreateCampaignWithProductTest -->
