<?xml version="1.0" encoding="UTF-8"?>
<!-- Generated by org.testng.reporters.JUnitReportReporter -->
<testsuite hostname="DESKTOP-IHIJH93" failures="0" tests="2" name="com.crm.product.GridProgram" time="31.943" errors="0" timestamp="2022-12-24T20:47:47 IST" skipped="0">
  <testcase classname="com.crm.product.GridProgram" name="gridTest1" time="19.567"/>
  <system-out/>
  <testcase classname="com.crm.product.GridProgram" name="gridTest2" time="12.376"/>
  <system-out/>
</testsuite> <!-- com.crm.product.GridProgram -->
