<?xml version="1.0" encoding="UTF-8"?>
<!-- Generated by org.testng.reporters.JUnitReportReporter -->
<testsuite skipped="0" hostname="DESKTOP-IHIJH93" name="com.crm.organization.CreateOrganizationTest" tests="1" failures="0" timestamp="22 Oct 2022 17:48:19 GMT" time="15.054" errors="0">
  <testcase name="createOrganizationTest" time="15.054" classname="com.crm.organization.CreateOrganizationTest"/>
</testsuite> <!-- com.crm.organization.CreateOrganizationTest -->
