<?xml version="1.0" encoding="UTF-8"?>
<!-- Generated by org.testng.reporters.JUnitReportReporter -->
<testsuite skipped="0" hostname="DESKTOP-IHIJH93" name="com.crm.product.CreateProductTest" tests="1" failures="0" timestamp="08 Jan 2023 16:44:40 GMT" time="8.718" errors="0">
  <testcase name="createProductTest" time="8.718" classname="com.crm.product.CreateProductTest"/>
</testsuite> <!-- com.crm.product.CreateProductTest -->
