<?xml version="1.0" encoding="UTF-8"?>
<!-- Generated by org.testng.reporters.JUnitReportReporter -->
<testsuite skipped="0" hostname="DESKTOP-IHIJH93" name="com.crm.organization.CreateOrganizationTest" tests="1" failures="0" timestamp="18 Dec 2022 08:01:14 GMT" time="14.384" errors="0">
  <testcase name="createOrganizationTest" time="14.384" classname="com.crm.organization.CreateOrganizationTest"/>
</testsuite> <!-- com.crm.organization.CreateOrganizationTest -->
