<?xml version="1.0" encoding="UTF-8"?>
<!-- Generated by org.testng.reporters.JUnitReportReporter -->
<testsuite skipped="0" hostname="DESKTOP-IHIJH93" name="com.crm.campaign.CreateCampaignWithProductTest" tests="1" failures="0" timestamp="22 Dec 2022 12:24:45 GMT" time="14.617" errors="0">
  <testcase name="createCampaignWithProductTest" time="14.617" classname="com.crm.campaign.CreateCampaignWithProductTest"/>
</testsuite> <!-- com.crm.campaign.CreateCampaignWithProductTest -->
