<?xml version="1.0" encoding="UTF-8"?>
<!-- Generated by org.testng.reporters.JUnitReportReporter -->
<testsuite skipped="0" hostname="DESKTOP-IHIJH93" name="com.crm.product.CreateAndDeleteProductTest" tests="1" failures="0" timestamp="18 Dec 2022 08:01:14 GMT" time="15.646" errors="0">
  <testcase name="createAndDeleteProductTest" time="15.646" classname="com.crm.product.CreateAndDeleteProductTest"/>
</testsuite> <!-- com.crm.product.CreateAndDeleteProductTest -->
