<?xml version="1.0" encoding="UTF-8"?>
<!-- Generated by org.testng.reporters.JUnitReportReporter -->
<testsuite hostname="DESKTOP-IHIJH93" failures="0" tests="1" name="com.crm.product.CreateAndDeleteProductTest" time="9.810" errors="0" timestamp="19 Dec 2022 10:51:48 GMT" skipped="0">
  <testcase classname="com.crm.product.CreateAndDeleteProductTest" name="createAndDeleteProductTest" time="9.810"/>
</testsuite> <!-- com.crm.product.CreateAndDeleteProductTest -->
