<?xml version="1.0" encoding="UTF-8"?>
<!-- Generated by org.testng.reporters.JUnitReportReporter -->
<testsuite hostname="DESKTOP-IHIJH93" failures="0" tests="1" name="com.crm.campaign.CreateCampaignWithProductTest" time="13.387" errors="0" timestamp="19 Dec 2022 10:51:48 GMT" skipped="0">
  <testcase classname="com.crm.campaign.CreateCampaignWithProductTest" name="createCampaignWithProductTest" time="13.387"/>
</testsuite> <!-- com.crm.campaign.CreateCampaignWithProductTest -->
