<?xml version="1.0" encoding="UTF-8"?>
<!-- Generated by org.testng.reporters.JUnitReportReporter -->
<testsuite hostname="DESKTOP-IHIJH93" failures="0" tests="1" name="com.crm.product.CreateProductTest" time="8.452" errors="0" timestamp="18 Dec 2022 10:54:34 GMT" skipped="0">
  <testcase classname="com.crm.product.CreateProductTest" name="createProductTest" time="8.452"/>
</testsuite> <!-- com.crm.product.CreateProductTest -->
