<?xml version="1.0" encoding="UTF-8"?>
<!-- Generated by org.testng.reporters.JUnitReportReporter -->
<testsuite skipped="0" hostname="DESKTOP-IHIJH93" name="com.crm.product.CreateProductTest" tests="1" failures="0" timestamp="18 Dec 2022 16:12:43 GMT" time="12.596" errors="0">
  <testcase name="createProductTest" time="12.596" classname="com.crm.product.CreateProductTest"/>
</testsuite> <!-- com.crm.product.CreateProductTest -->
