<?xml version="1.0" encoding="UTF-8"?>
<!-- Generated by org.testng.reporters.JUnitReportReporter -->
<testsuite skipped="0" hostname="DESKTOP-IHIJH93" name="com.crm.product.CreateAndDeleteProductTest" tests="1" failures="0" timestamp="22 Oct 2022 17:48:19 GMT" time="15.999" errors="0">
  <testcase name="createAndDeleteProductTest" time="15.999" classname="com.crm.product.CreateAndDeleteProductTest"/>
</testsuite> <!-- com.crm.product.CreateAndDeleteProductTest -->
