<?xml version="1.0" encoding="UTF-8"?>
<!-- Generated by org.testng.reporters.JUnitReportReporter -->
<testsuite skipped="0" hostname="DESKTOP-IHIJH93" name="com.crm.campaign.CreateCampaignTest" tests="1" failures="0" timestamp="19 Dec 2022 16:36:56 GMT" time="12.937" errors="0">
  <testcase name="createCampaignTest" time="12.937" classname="com.crm.campaign.CreateCampaignTest"/>
</testsuite> <!-- com.crm.campaign.CreateCampaignTest -->
