<?xml version="1.0" encoding="UTF-8"?>
<!-- Generated by org.testng.reporters.JUnitReportReporter -->
<testsuite skipped="0" hostname="DESKTOP-IHIJH93" name="com.crm.campaign.CreateCampaignWithProductTest" tests="1" failures="0" timestamp="18 Dec 2022 16:12:43 GMT" time="19.976" errors="0">
  <testcase name="createCampaignWithProductTest" time="19.976" classname="com.crm.campaign.CreateCampaignWithProductTest"/>
</testsuite> <!-- com.crm.campaign.CreateCampaignWithProductTest -->
