<?xml version="1.0" encoding="UTF-8"?>
<!-- Generated by org.testng.reporters.JUnitReportReporter -->
<testsuite skipped="0" hostname="DESKTOP-IHIJH93" name="com.crm.campaign.CreateCampaignTest" tests="1" failures="0" timestamp="22 Oct 2022 19:07:12 GMT" time="8.132" errors="0">
  <testcase name="createCampaignTest" time="8.132" classname="com.crm.campaign.CreateCampaignTest"/>
</testsuite> <!-- com.crm.campaign.CreateCampaignTest -->
