<?xml version="1.0" encoding="UTF-8"?>
<!-- Generated by org.testng.reporters.JUnitReportReporter -->
<testsuite skipped="0" hostname="DESKTOP-IHIJH93" name="com.crm.product.CreateProductTest" tests="1" failures="0" timestamp="22 Dec 2022 09:43:04 GMT" time="12.221" errors="0">
  <testcase name="createProductTest" time="12.221" classname="com.crm.product.CreateProductTest"/>
</testsuite> <!-- com.crm.product.CreateProductTest -->
