<?xml version="1.0" encoding="UTF-8"?>
<!-- Generated by org.testng.reporters.JUnitReportReporter -->
<testsuite skipped="0" hostname="DESKTOP-IHIJH93" name="com.crm.product.CreateAndDeleteProductTest" tests="1" failures="0" timestamp="08 Jan 2023 16:44:40 GMT" time="28.603" errors="0">
  <testcase name="createAndDeleteProductTest" time="28.603" classname="com.crm.product.CreateAndDeleteProductTest"/>
</testsuite> <!-- com.crm.product.CreateAndDeleteProductTest -->
