<?xml version="1.0" encoding="UTF-8"?>
<!-- Generated by org.testng.reporters.JUnitReportReporter -->
<testsuite skipped="0" hostname="DESKTOP-IHIJH93" name="com.crm.campaign.CreateCampaignTest" tests="1" failures="0" timestamp="18 Dec 2022 16:12:43 GMT" time="12.656" errors="0">
  <testcase name="createCampaignTest" time="12.656" classname="com.crm.campaign.CreateCampaignTest"/>
</testsuite> <!-- com.crm.campaign.CreateCampaignTest -->
